This file contains any messages produced by compilers while
running configure, to aid debugging if configure makes a mistake.

It was created by FecSoftwareV3_0 configure development, which was
generated by GNU Autoconf 2.59.  Invocation command line was

  $ ./configure --prefix=/usr/local --cache-file=/dev/null --srcdir=.

## --------- ##
## Platform. ##
## --------- ##

hostname = cmstracker034.cern.ch
uname -m = x86_64
uname -r = 2.6.32-358.2.1.el6.x86_64
uname -s = Linux
uname -v = #1 SMP Wed Mar 13 08:24:06 CET 2013

/usr/bin/uname -p = unknown
/bin/uname -X     = unknown

/bin/arch              = x86_64
/usr/bin/arch -k       = unknown
/usr/convex/getsysinfo = unknown
hostinfo               = unknown
/bin/machine           = unknown
/usr/bin/oslevel       = unknown
/bin/universe          = unknown

PATH: /home/xdaqtk/software/slc6_amd64_gcc462/cms/cmssw/CMSSW_6_1_0_pre1/external/slc6_amd64_gcc462/bin
PATH: /exports/slc5/CMSSW/Base/common
PATH: /exports/slc5/CMSSW/Base/bin
PATH: /exports/slc5/CMSSW/scripts
PATH: /exports/slc5/bin
PATH: /exports/slc5/CMSSW/Base/slc5_amd64_gcc434/lcg/root/5.22.00a-cms25/bin
PATH: /exports/slc5/CMSSW/Base/slc5_amd64_gcc434/lcg/root/5.22.00a-cms25/bin
PATH: /exports/slc5/CMSSW/Base/common
PATH: /exports/slc5/CMSSW/Base/bin
PATH: /exports/slc5/CMSSW/scripts
PATH: /exports/slc5/bin
PATH: /home/xdaqdev/bin
PATH: /home/xdaqdev/scripts
PATH: /usr/sue/bin
PATH: /usr/local/bin
PATH: /usr/local/bin/X11
PATH: /usr/bin
PATH: /bin
PATH: /usr/bin/X11
PATH: /cern/pro/bin
PATH: /usr/lib/qt-3.3/bin
PATH: /opt/pvss/pvss2_v3.7/bin
PATH: /usr/kerberos/bin
PATH: /usr/X11R6/bin
PATH: /home/xdaqdev/bin
PATH: /opt/trackerDAQ/bin


## ----------- ##
## Core tests. ##
## ----------- ##

configure:1963: creating ./config.status

## ---------------------- ##
## Running config.status. ##
## ---------------------- ##

This file was extended by FecSoftwareV3_0 config.status development, which was
generated by GNU Autoconf 2.59.  Invocation command line was

  CONFIG_FILES    = 
  CONFIG_HEADERS  = 
  CONFIG_LINKS    = 
  CONFIG_COMMANDS = 
  $ ./config.status 

on cmstracker034.cern.ch

config.status:659: creating FecHeader.linux
config.status:659: creating Makefile

## ---------------- ##
## Cache variables. ##
## ---------------- ##

ac_cv_env_build_alias_set=
ac_cv_env_build_alias_value=
ac_cv_env_host_alias_set=
ac_cv_env_host_alias_value=
ac_cv_env_target_alias_set=
ac_cv_env_target_alias_value=

## ----------------- ##
## Output variables. ##
## ----------------- ##

DEFS='-DPACKAGE_NAME=\"FecSoftwareV3_0\" -DPACKAGE_TARNAME=\"fecsoftwarev3_0\" -DPACKAGE_VERSION=\"development\" -DPACKAGE_STRING=\"FecSoftwareV3_0\ development\" -DPACKAGE_BUGREPORT=\"fdrouhin@cern.ch\" '
ECHO_C=''
ECHO_N='-n'
ECHO_T=''
LIBOBJS=''
LIBS=''
LTLIBOBJS=''
PACKAGE_BUGREPORT='fdrouhin@cern.ch'
PACKAGE_NAME='FecSoftwareV3_0'
PACKAGE_STRING='FecSoftwareV3_0 development'
PACKAGE_TARNAME='fecsoftwarev3_0'
PACKAGE_VERSION='development'
PATH_SEPARATOR=':'
SHELL='/bin/sh'
bindir='${exec_prefix}/bin'
build_alias=''
caen_root='/opt/xdaq'
datadir='${prefix}/share'
diag_envvar='ENV_CMS_TK_DIAG_ROOT='
diag_root='/opt/testing/trackerDAQ-3.1//DiagSystem'
exec_prefix='${prefix}'
fec_root='/opt/testing/trackerDAQ-3.1/FecSoftwareV3_0'
fecpci_clean='FecDeviceDriver_clean'
fecpci_targets=''
fecpci_tkclean='FecDeviceDriver_clean'
fecpci_tktargets=''
fecusb_clean='FecLibFtdi_clean FecUsbDriver_clean'
fecusb_targets=''
fed9u_envvar='ENV_CMS_TK_FED9U_ROOT='
fed9u_root='/opt/testing/trackerDAQ-3.1//TrackerOnline/Fed9U/Fed9USoftware'
hal_root='/opt/xdaq'
hardware_root='/opt/testing/trackerDAQ-3.1//TrackerOnline//2005/hardware'
host_alias=''
icutils_envvar='ENV_CMS_TK_ICUTILS='
icutils_root='/opt/testing/trackerDAQ-3.1//TrackerOnline//2005/TrackerCommon/ICUtils'
includedir='${prefix}/include'
infodir='${prefix}/info'
libdir='${exec_prefix}/lib'
libexecdir='${exec_prefix}/libexec'
localstatedir='${prefix}/var'
mandir='${prefix}/man'
oldincludedir='/usr/include'
oracle_envvar='ENV_CMS_TK_ORACLE_HOME='
oracle_root='/opt/deps/slc4_ia32_gcc345/external/oracle/10.2.0.2/'
pcifec_enabled='no'
prefix='/usr/local'
program_transform_name='s,x,x,'
sbindir='${exec_prefix}/sbin'
sbs_enabled='0'
sbs_root=''
sharedstatedir='${prefix}/com'
sysconfdir='${prefix}/etc'
target_alias=''
tk_base='/opt/testing/trackerDAQ-3.1/FecSoftwareV3_0/..'
tk_common='/opt/testing/trackerDAQ-3.1//TrackerOnline//2005/TrackerCommon'
tk_xdaq='/opt/testing/trackerDAQ-3.1//TrackerOnline//2005/TrackerXdaq'
tkcommon_envvar='ENV_CMS_TK_COMMON='
tkxdaq_envvar='ENV_CMS_TK_XDAQ='
trk_online='/opt/testing/trackerDAQ-3.1//TrackerOnline/'
usbfec_enabled='no'
xdaq_base='/opt/xdaq'
xdaq_os='linux'
xdaq_platform='x86_64_slc6'
xdaq_root='/opt/xdaq'
xdaq_rpmbuild='yes'
xerces_root='/opt/deps/slc4_ia32_gcc345/external/xerces-c/2.7.0'

## ----------- ##
## confdefs.h. ##
## ----------- ##

#define PACKAGE_BUGREPORT "fdrouhin@cern.ch"
#define PACKAGE_NAME "FecSoftwareV3_0"
#define PACKAGE_STRING "FecSoftwareV3_0 development"
#define PACKAGE_TARNAME "fecsoftwarev3_0"
#define PACKAGE_VERSION "development"

configure: exit 0
