This file contains any messages produced by compilers while
running configure, to aid debugging if configure makes a mistake.

It was created by DiagSystem configure development, which was
generated by GNU Autoconf 2.63.  Invocation command line was

  $ ./configure --enable-compile_for_pixels --with-gwtapplets-path=pixel

## --------- ##
## Platform. ##
## --------- ##

hostname = cmspixel.physik.uzh.ch
uname -m = x86_64
uname -r = 2.6.32-504.16.2.el6.x86_64
uname -s = Linux
uname -v = #1 SMP Tue Apr 21 21:44:51 CEST 2015

/usr/bin/uname -p = unknown
/bin/uname -X     = unknown

/bin/arch              = x86_64
/usr/bin/arch -k       = unknown
/usr/convex/getsysinfo = unknown
/usr/bin/hostinfo      = unknown
/bin/machine           = unknown
/usr/bin/oslevel       = unknown
/bin/universe          = unknown

PATH: /home/cmspixel/root534/bin
PATH: /home/cmspixel/scripts
PATH: /usr/sue/bin
PATH: /usr/lib64/qt-3.3/bin
PATH: /usr/local/bin
PATH: /bin
PATH: /usr/bin
PATH: /usr/local/sbin
PATH: /usr/sbin
PATH: /sbin
PATH: /home/cmspixel/bin


## ----------- ##
## Core tests. ##
## ----------- ##

configure:2240: creating ./config.status

## ---------------------- ##
## Running config.status. ##
## ---------------------- ##

This file was extended by DiagSystem config.status development, which was
generated by GNU Autoconf 2.63.  Invocation command line was

  CONFIG_FILES    = 
  CONFIG_HEADERS  = 
  CONFIG_LINKS    = 
  CONFIG_COMMANDS = 
  $ ./config.status 

on cmspixel.physik.uzh.ch

config.status:651: creating DiagHeader.linux
config.status:651: creating toolbox/reportErrorReturnType.h

## ---------------- ##
## Cache variables. ##
## ---------------- ##

ac_cv_env_build_alias_set=
ac_cv_env_build_alias_value=
ac_cv_env_host_alias_set=
ac_cv_env_host_alias_value=
ac_cv_env_target_alias_set=
ac_cv_env_target_alias_value=

## ----------------- ##
## Output variables. ##
## ----------------- ##

DEFS='-DPACKAGE_NAME=\"DiagSystem\" -DPACKAGE_TARNAME=\"diagsystem\" -DPACKAGE_VERSION=\"development\" -DPACKAGE_STRING=\"DiagSystem\ development\" -DPACKAGE_BUGREPORT=\"lgross@cern.ch\"'
ECHO_C=''
ECHO_N='-n'
ECHO_T=''
LIBOBJS=''
LIBS=''
LTLIBOBJS=''
PACKAGE_BUGREPORT='lgross@cern.ch'
PACKAGE_NAME='DiagSystem'
PACKAGE_STRING='DiagSystem development'
PACKAGE_TARNAME='diagsystem'
PACKAGE_VERSION='development'
PATH_SEPARATOR=':'
SHELL='/bin/sh'
bindir='${exec_prefix}/bin'
build_alias=''
compile_for_generic='no'
compile_for_pixels='yes'
compile_for_tracker='no'
compilewith_package_infos='yes'
datadir='${datarootdir}'
datarootdir='${prefix}/share'
diag_home='/home/cmspixel/ph1_TriDAS/DiagSystem'
docdir='${datarootdir}/doc/${PACKAGE_TARNAME}'
dvidir='${docdir}'
exec_prefix='${prefix}'
fec_root='/home/cmspixel/ph1_TriDAS/FecSoftwareV3_0'
gwtapplets_root='pixel'
host_alias=''
htmldir='${docdir}'
includedir='${prefix}/include'
infodir='${datarootdir}/info'
libdir='${exec_prefix}/lib'
libexecdir='${exec_prefix}/libexec'
localedir='${datarootdir}/locale'
localstatedir='${prefix}/var'
mandir='${datarootdir}/man'
oldincludedir='/usr/include'
parse_tracker_xtra_buffer='no'
pdfdir='${docdir}'
prefix='/usr/local'
program_transform_name='s,x,x,'
psdir='${docdir}'
sbindir='${exec_prefix}/sbin'
sharedstatedir='${prefix}/com'
store_logs_to_pixelsdb='no'
store_logs_to_trackerdb='no'
sysconfdir='${prefix}/etc'
target_alias=''
use_gwtapplet_fireitems_viewer='no'
use_trackeronline_db='no'
xdaq_os='linux'
xdaq_platform='x86_64_slc6'
xdaq_root='/opt/xdaq'
xdaq_rpmbuild='yes'

## ----------- ##
## confdefs.h. ##
## ----------- ##

#define PACKAGE_NAME "DiagSystem"
#define PACKAGE_TARNAME "diagsystem"
#define PACKAGE_VERSION "development"
#define PACKAGE_STRING "DiagSystem development"
#define PACKAGE_BUGREPORT "lgross@cern.ch"

configure: exit 0
